<?xml version="1.0" encoding="UTF-8"?>
<testsuite xmlns:xsi="http://www.w3.org/2001/XMLSchema-instance" xsi:noNamespaceSchemaLocation="https://maven.apache.org/surefire/maven-surefire-plugin/xsd/surefire-test-report.xsd" name="testingPpt.jenkinsTest.AppTest" time="0.046" tests="2" errors="0" skipped="0" failures="1">
  <properties>
    <property name="sun.desktop" value="windows"/>
    <property name="awt.toolkit" value="sun.awt.windows.WToolkit"/>
    <property name="file.encoding.pkg" value="sun.io"/>
    <property name="java.specification.version" value="1.8"/>
    <property name="sun.cpu.isalist" value="amd64"/>
    <property name="sun.jnu.encoding" value="Cp1252"/>
    <property name="java.class.path" value="C:\Users\karthik\workspace\jenkinsTest\target\test-classes;C:\Users\karthik\workspace\jenkinsTest\target\classes;C:\Users\karthik\.m2\repository\org\junit\jupiter\junit-jupiter-api\5.1.0\junit-jupiter-api-5.1.0.jar;C:\Users\karthik\.m2\repository\org\apiguardian\apiguardian-api\1.0.0\apiguardian-api-1.0.0.jar;C:\Users\karthik\.m2\repository\org\opentest4j\opentest4j\1.0.0\opentest4j-1.0.0.jar;C:\Users\karthik\.m2\repository\org\junit\platform\junit-platform-commons\1.1.0\junit-platform-commons-1.1.0.jar;C:\Users\karthik\.m2\repository\org\junit\jupiter\junit-jupiter-engine\5.1.0\junit-jupiter-engine-5.1.0.jar;C:\Users\karthik\.m2\repository\org\junit\platform\junit-platform-engine\1.1.0\junit-platform-engine-1.1.0.jar;C:\Users\karthik\.m2\repository\org\junit\vintage\junit-vintage-engine\5.1.0\junit-vintage-engine-5.1.0.jar;C:\Users\karthik\.m2\repository\junit\junit\4.12\junit-4.12.jar;C:\Users\karthik\.m2\repository\org\hamcrest\hamcrest-core\1.3\hamcrest-core-1.3.jar;C:\Users\karthik\.m2\repository\org\junit\platform\junit-platform-launcher\1.1.0\junit-platform-launcher-1.1.0.jar;C:\Users\karthik\.m2\repository\org\junit\platform\junit-platform-runner\1.1.0\junit-platform-runner-1.1.0.jar;C:\Users\karthik\.m2\repository\org\junit\platform\junit-platform-suite-api\1.1.0\junit-platform-suite-api-1.1.0.jar;"/>
    <property name="java.vm.vendor" value="Oracle Corporation"/>
    <property name="sun.arch.data.model" value="64"/>
    <property name="user.variant" value=""/>
    <property name="java.vendor.url" value="http://java.oracle.com/"/>
    <property name="user.timezone" value=""/>
    <property name="java.vm.specification.version" value="1.8"/>
    <property name="os.name" value="Windows 10"/>
    <property name="user.country" value="US"/>
    <property name="sun.java.launcher" value="SUN_STANDARD"/>
    <property name="sun.boot.library.path" value="C:\Program Files\Java\jdk1.8.0_131\jre\bin"/>
    <property name="sun.java.command" value="C:\Users\karthik\AppData\Local\Temp\surefire6611755473924447616\surefirebooter2032578783582528169.jar C:\Users\karthik\AppData\Local\Temp\surefire6611755473924447616 2018-09-02T16-04-21_529-jvmRun1 surefire3530952414361558094tmp surefire_06905294353590399346tmp"/>
    <property name="surefire.test.class.path" value="C:\Users\karthik\workspace\jenkinsTest\target\test-classes;C:\Users\karthik\workspace\jenkinsTest\target\classes;C:\Users\karthik\.m2\repository\org\junit\jupiter\junit-jupiter-api\5.1.0\junit-jupiter-api-5.1.0.jar;C:\Users\karthik\.m2\repository\org\apiguardian\apiguardian-api\1.0.0\apiguardian-api-1.0.0.jar;C:\Users\karthik\.m2\repository\org\opentest4j\opentest4j\1.0.0\opentest4j-1.0.0.jar;C:\Users\karthik\.m2\repository\org\junit\platform\junit-platform-commons\1.1.0\junit-platform-commons-1.1.0.jar;C:\Users\karthik\.m2\repository\org\junit\jupiter\junit-jupiter-engine\5.1.0\junit-jupiter-engine-5.1.0.jar;C:\Users\karthik\.m2\repository\org\junit\platform\junit-platform-engine\1.1.0\junit-platform-engine-1.1.0.jar;C:\Users\karthik\.m2\repository\org\junit\vintage\junit-vintage-engine\5.1.0\junit-vintage-engine-5.1.0.jar;C:\Users\karthik\.m2\repository\junit\junit\4.12\junit-4.12.jar;C:\Users\karthik\.m2\repository\org\hamcrest\hamcrest-core\1.3\hamcrest-core-1.3.jar;C:\Users\karthik\.m2\repository\org\junit\platform\junit-platform-launcher\1.1.0\junit-platform-launcher-1.1.0.jar;C:\Users\karthik\.m2\repository\org\junit\platform\junit-platform-runner\1.1.0\junit-platform-runner-1.1.0.jar;C:\Users\karthik\.m2\repository\org\junit\platform\junit-platform-suite-api\1.1.0\junit-platform-suite-api-1.1.0.jar;"/>
    <property name="sun.cpu.endian" value="little"/>
    <property name="user.home" value="C:\Users\karthik"/>
    <property name="user.language" value="en"/>
    <property name="java.specification.vendor" value="Oracle Corporation"/>
    <property name="java.home" value="C:\Program Files\Java\jdk1.8.0_131\jre"/>
    <property name="basedir" value="C:\Users\karthik\workspace\jenkinsTest"/>
    <property name="file.separator" value="\"/>
    <property name="line.separator" value="&#10;"/>
    <property name="java.vm.specification.vendor" value="Oracle Corporation"/>
    <property name="java.specification.name" value="Java Platform API Specification"/>
    <property name="java.awt.graphicsenv" value="sun.awt.Win32GraphicsEnvironment"/>
    <property name="surefire.real.class.path" value="C:\Users\karthik\AppData\Local\Temp\surefire6611755473924447616\surefirebooter2032578783582528169.jar"/>
    <property name="sun.boot.class.path" value="C:\Program Files\Java\jdk1.8.0_131\jre\lib\resources.jar;C:\Program Files\Java\jdk1.8.0_131\jre\lib\rt.jar;C:\Program Files\Java\jdk1.8.0_131\jre\lib\sunrsasign.jar;C:\Program Files\Java\jdk1.8.0_131\jre\lib\jsse.jar;C:\Program Files\Java\jdk1.8.0_131\jre\lib\jce.jar;C:\Program Files\Java\jdk1.8.0_131\jre\lib\charsets.jar;C:\Program Files\Java\jdk1.8.0_131\jre\lib\jfr.jar;C:\Program Files\Java\jdk1.8.0_131\jre\classes"/>
    <property name="user.script" value=""/>
    <property name="sun.management.compiler" value="HotSpot 64-Bit Tiered Compilers"/>
    <property name="java.runtime.version" value="1.8.0_131-b11"/>
    <property name="user.name" value="karthik"/>
    <property name="path.separator" value=";"/>
    <property name="os.version" value="10.0"/>
    <property name="java.endorsed.dirs" value="C:\Program Files\Java\jdk1.8.0_131\jre\lib\endorsed"/>
    <property name="java.runtime.name" value="Java(TM) SE Runtime Environment"/>
    <property name="file.encoding" value="Cp1252"/>
    <property name="java.vm.name" value="Java HotSpot(TM) 64-Bit Server VM"/>
    <property name="localRepository" value="C:\Users\karthik\.m2\repository"/>
    <property name="java.vendor.url.bug" value="http://bugreport.sun.com/bugreport/"/>
    <property name="java.io.tmpdir" value="C:\Users\karthik\AppData\Local\Temp\"/>
    <property name="java.version" value="1.8.0_131"/>
    <property name="user.dir" value="C:\Users\karthik\workspace\jenkinsTest"/>
    <property name="os.arch" value="amd64"/>
    <property name="java.vm.specification.name" value="Java Virtual Machine Specification"/>
    <property name="java.awt.printerjob" value="sun.awt.windows.WPrinterJob"/>
    <property name="sun.os.patch.level" value=""/>
    <property name="java.library.path" value="C:\Program Files\Java\jdk1.8.0_131\jre\bin;C:\WINDOWS\Sun\Java\bin;C:\WINDOWS\system32;C:\WINDOWS;C:/Program Files/Java/jre1.8.0_181/bin/server;C:/Program Files/Java/jre1.8.0_181/bin;C:/Program Files/Java/jre1.8.0_181/lib/amd64;C:\Program Files (x86)\Common Files\Oracle\Java\javapath;C:\Program Files\Java\jre1.8.0_131\bin;C:\ProgramData\Oracle\Java\javapath;C:\WINDOWS\System32;C:\WINDOWS;C:\WINDOWS\System32\Wbem;C:\WINDOWS\System32\WindowsPowerShell\v1.0\;C:\Program Files\PuTTY\;C:\Program Files\apache-ant-1.9.9\bin;C:\Program Files\apache-maven-3.5.0\bin;C:\Users\karthik\AppData\Local\Programs\Python\Python36-32\Scripts;D:\Downloads\selenium\geckodriver-v0.18.0-win64;C:\Program Files\Java\jdk1.8.0_131\bin;C:\Program Files (x86)\MySQL\MySQL Utilities 1.6\;C:\WINDOWS\system32;C:\Program Files\Cloud Foundry;C:\WINDOWS\System32\OpenSSH\;C:\Users\karthik\AppData\Local\Microsoft\WindowsApps;C:\Program Files\MongoDB\Server\3.4\bin;C:\Users\karthik\AppData\Local\Programs\Python\Python36-32\Scripts;;C:\WINDOWS\system32;;."/>
    <property name="java.vm.info" value="mixed mode"/>
    <property name="java.vendor" value="Oracle Corporation"/>
    <property name="java.vm.version" value="25.131-b11"/>
    <property name="java.ext.dirs" value="C:\Program Files\Java\jdk1.8.0_131\jre\lib\ext;C:\WINDOWS\Sun\Java\lib\ext"/>
    <property name="sun.io.unicode.encoding" value="UnicodeLittle"/>
    <property name="java.class.version" value="52.0"/>
  </properties>
  <testcase name="shouldAnswerWithTrue" classname="testingPpt.jenkinsTest.AppTest" time="0.007"/>
  <testcase name="shouldAnswerWithfalse" classname="testingPpt.jenkinsTest.AppTest" time="0.005">
    <failure message="expected:&lt;Hello World[1]&gt; but was:&lt;Hello World[]&gt;" type="org.junit.ComparisonFailure"><![CDATA[org.junit.ComparisonFailure: expected:<Hello World[1]> but was:<Hello World[]>
	at testingPpt.jenkinsTest.AppTest.shouldAnswerWithfalse(AppTest.java:27)
]]></failure>
  </testcase>
</testsuite>